c:\users\sebsc\documents\uniy4\rt-graphics\coursework\realtimegraphics\sebastien_scaife_19113285\code\build\glhelper\debug\glhelper.pdb
c:\users\sebsc\documents\uniy4\rt-graphics\coursework\realtimegraphics\sebastien_scaife_19113285\code\build\glhelper\glhelper.dir\debug\viewer.obj
c:\users\sebsc\documents\uniy4\rt-graphics\coursework\realtimegraphics\sebastien_scaife_19113285\code\build\glhelper\glhelper.dir\debug\texture.obj
c:\users\sebsc\documents\uniy4\rt-graphics\coursework\realtimegraphics\sebastien_scaife_19113285\code\build\glhelper\glhelper.dir\debug\shaderprogram.obj
c:\users\sebsc\documents\uniy4\rt-graphics\coursework\realtimegraphics\sebastien_scaife_19113285\code\build\glhelper\glhelper.dir\debug\rotateviewer.obj
c:\users\sebsc\documents\uniy4\rt-graphics\coursework\realtimegraphics\sebastien_scaife_19113285\code\build\glhelper\glhelper.dir\debug\renderable.obj
c:\users\sebsc\documents\uniy4\rt-graphics\coursework\realtimegraphics\sebastien_scaife_19113285\code\build\glhelper\glhelper.dir\debug\mesh.obj
c:\users\sebsc\documents\uniy4\rt-graphics\coursework\realtimegraphics\sebastien_scaife_19113285\code\build\glhelper\glhelper.dir\debug\matrices.obj
c:\users\sebsc\documents\uniy4\rt-graphics\coursework\realtimegraphics\sebastien_scaife_19113285\code\build\glhelper\glhelper.dir\debug\glbuffer.obj
c:\users\sebsc\documents\uniy4\rt-graphics\coursework\realtimegraphics\sebastien_scaife_19113285\code\build\glhelper\glhelper.dir\debug\flyviewer.obj
c:\users\sebsc\documents\uniy4\rt-graphics\coursework\realtimegraphics\sebastien_scaife_19113285\code\build\glhelper\glhelper.dir\debug\exception.obj
c:\users\sebsc\documents\uniy4\rt-graphics\coursework\realtimegraphics\sebastien_scaife_19113285\code\build\glhelper\glhelper.dir\debug\entity.obj
c:\users\sebsc\documents\uniy4\rt-graphics\coursework\realtimegraphics\sebastien_scaife_19113285\code\build\glhelper\cmakefiles\generate.stamp
c:\users\sebsc\documents\uniy4\rt-graphics\coursework\realtimegraphics\sebastien_scaife_19113285\code\build\glhelper\debug\glhelper.lib
c:\users\sebsc\documents\uniy4\rt-graphics\coursework\realtimegraphics\sebastien_scaife_19113285\code\build\glhelper\glhelper.dir\debug\glhelper.tlog\cl.command.1.tlog
c:\users\sebsc\documents\uniy4\rt-graphics\coursework\realtimegraphics\sebastien_scaife_19113285\code\build\glhelper\glhelper.dir\debug\glhelper.tlog\cl.read.1.tlog
c:\users\sebsc\documents\uniy4\rt-graphics\coursework\realtimegraphics\sebastien_scaife_19113285\code\build\glhelper\glhelper.dir\debug\glhelper.tlog\cl.write.1.tlog
c:\users\sebsc\documents\uniy4\rt-graphics\coursework\realtimegraphics\sebastien_scaife_19113285\code\build\glhelper\glhelper.dir\debug\glhelper.tlog\custombuild.command.1.tlog
c:\users\sebsc\documents\uniy4\rt-graphics\coursework\realtimegraphics\sebastien_scaife_19113285\code\build\glhelper\glhelper.dir\debug\glhelper.tlog\custombuild.read.1.tlog
c:\users\sebsc\documents\uniy4\rt-graphics\coursework\realtimegraphics\sebastien_scaife_19113285\code\build\glhelper\glhelper.dir\debug\glhelper.tlog\custombuild.write.1.tlog
c:\users\sebsc\documents\uniy4\rt-graphics\coursework\realtimegraphics\sebastien_scaife_19113285\code\build\glhelper\glhelper.dir\debug\glhelper.tlog\lib-link.read.1.tlog
c:\users\sebsc\documents\uniy4\rt-graphics\coursework\realtimegraphics\sebastien_scaife_19113285\code\build\glhelper\glhelper.dir\debug\glhelper.tlog\lib-link.write.1.tlog
c:\users\sebsc\documents\uniy4\rt-graphics\coursework\realtimegraphics\sebastien_scaife_19113285\code\build\glhelper\glhelper.dir\debug\glhelper.tlog\lib.command.1.tlog
